<?xml version="1.0" encoding="UTF-8"?>
<!-- Generated by org.testng.reporters.JUnitXMLReporter -->
<testsuite ignored="3" hostname="DESKTOP-UAQBN80" failures="0" tests="1" name="Default test" time="13.164" errors="0" timestamp="2023-09-13T23:09:36 IST">
  <testcase classname="com.Files.ScreenshotwebElement" name="sectionOfthePage" time="13.066"/>
  <testcase classname="com.Files.ScreenshotwebElement" name="logo" time="0.0">
    <ignored/>
  </testcase> <!-- logo -->
  <testcase classname="com.Files.ScreenshotwebElement" name="fullPage" time="0.0">
    <ignored/>
  </testcase> <!-- fullPage -->
  <testcase classname="com.Files.ScreenshotwebElement" name="elementOfthePage" time="0.0">
    <ignored/>
  </testcase> <!-- elementOfthePage -->
</testsuite> <!-- Default test -->
