<?xml version="1.0" encoding="UTF-8"?>
<!-- Generated by org.testng.reporters.JUnitXMLReporter -->
<testsuite ignored="5" hostname="DESKTOP-UAQBN80" failures="0" tests="5" name="Test01" time="0.22" errors="0" timestamp="2023-09-05T00:17:25 IST">
  <testcase classname="com.test.A1" name="B1" time="0.019"/>
  <testcase classname="com.test.A2" name="B3" time="0.008"/>
  <testcase classname="com.test.A2" name="B5" time="0.011"/>
  <testcase classname="com.test.A3" name="B8" time="0.016"/>
  <testcase classname="com.test.A3" name="B10" time="0.007"/>
  <testcase classname="com.test.A2" name="B4" time="0.0">
    <ignored/>
  </testcase> <!-- B4 -->
  <testcase classname="com.test.A3" name="B6" time="0.0">
    <ignored/>
  </testcase> <!-- B6 -->
  <testcase classname="com.test.A3" name="B7" time="0.0">
    <ignored/>
  </testcase> <!-- B7 -->
  <testcase classname="com.test.A1" name="B2" time="0.0">
    <ignored/>
  </testcase> <!-- B2 -->
  <testcase classname="com.test.A3" name="B9" time="0.0">
    <ignored/>
  </testcase> <!-- B9 -->
</testsuite> <!-- Test01 -->
