<?xml version="1.0" encoding="UTF-8"?>
<!-- Generated by org.testng.reporters.JUnitXMLReporter -->
<testsuite ignored="0" hostname="DESKTOP-UAQBN80" failures="1" tests="1" name="Test" time="7.421" errors="0" timestamp="2023-09-03T19:03:45 IST">
  <testcase classname="com.Files.FileScreenshot" name="verfiy" time="0.322">
    <failure type="java.lang.AssertionError" message="expected [Hello (Adele song) - Wikipediaa] but found [Hello (Adele song) - Wikipedia]">
      <![CDATA[java.lang.AssertionError: expected [Hello (Adele song) - Wikipediaa] but found [Hello (Adele song) - Wikipedia]
at com.Files.FileScreenshot.verfiy(FileScreenshot.java:45)
at java.base/java.util.ArrayList.forEach(ArrayList.java:1511)
... Removed 33 stack frames]]>
    </failure>
  </testcase> <!-- verfiy -->
</testsuite> <!-- Test -->
