<?xml version="1.0" encoding="UTF-8"?>
<!-- Generated by org.testng.reporters.JUnitXMLReporter -->
<testsuite ignored="2" hostname="DESKTOP-UAQBN80" failures="0" tests="1" name="test02" time="0.014" errors="0" timestamp="2023-09-07T22:34:07 IST">
  <testcase classname="com.test.A2" name="B3" time="0.003"/>
  <testcase classname="com.test.A2" name="B4" time="0.0">
    <ignored/>
  </testcase> <!-- B4 -->
  <testcase classname="com.test.A2" name="B5" time="0.0">
    <ignored/>
  </testcase> <!-- B5 -->
</testsuite> <!-- test02 -->
