<?xml version="1.0" encoding="UTF-8"?>
<!-- Generated by org.testng.reporters.JUnitXMLReporter -->
<testsuite ignored="3" hostname="DESKTOP-UAQBN80" failures="0" tests="1" name="Test07" time="25.839" errors="0" timestamp="2023-09-12T20:24:09 IST">
  <testcase classname="com.Files.ScreenshotwebElement" name="fullPage" time="25.756"/>
  <testcase classname="com.Files.ScreenshotwebElement" name="logo" time="0.0">
    <ignored/>
  </testcase> <!-- logo -->
  <testcase classname="com.Files.ScreenshotwebElement" name="elementOfthePage" time="0.0">
    <ignored/>
  </testcase> <!-- elementOfthePage -->
  <testcase classname="com.Files.ScreenshotwebElement" name="sectionOfthePage" time="0.0">
    <ignored/>
  </testcase> <!-- sectionOfthePage -->
</testsuite> <!-- Test07 -->
