<?xml version="1.0" encoding="UTF-8"?>
<!-- Generated by org.testng.reporters.JUnitXMLReporter -->
<testsuite ignored="1" hostname="DESKTOP-UAQBN80" failures="0" tests="2" name="ByeTest02" time="0.052" errors="0" timestamp="2023-09-05T11:42:44 IST">
  <testcase classname="com.test.A2" name="B4" time="0.007"/>
  <testcase classname="com.test.A2" name="B5" time="0.01"/>
  <testcase classname="com.test.A2" name="B3" time="0.0">
    <ignored/>
  </testcase> <!-- B3 -->
</testsuite> <!-- ByeTest02 -->
