<?xml version="1.0" encoding="UTF-8"?>
<!-- Generated by org.testng.reporters.JUnitXMLReporter -->
<testsuite ignored="3" hostname="DESKTOP-UAQBN80" failures="0" tests="2" name="ByeTest03" time="0.036" errors="0" timestamp="2023-09-05T11:42:44 IST">
  <testcase classname="com.test.A3" name="B6" time="0.006"/>
  <testcase classname="com.test.A3" name="B8" time="0.01"/>
  <testcase classname="com.test.A3" name="B7" time="0.0">
    <ignored/>
  </testcase> <!-- B7 -->
  <testcase classname="com.test.A3" name="B9" time="0.0">
    <ignored/>
  </testcase> <!-- B9 -->
  <testcase classname="com.test.A3" name="B10" time="0.0">
    <ignored/>
  </testcase> <!-- B10 -->
</testsuite> <!-- ByeTest03 -->
