<?xml version="1.0" encoding="UTF-8"?>
<!-- Generated by org.testng.reporters.JUnitXMLReporter -->
<testsuite ignored="0" hostname="DESKTOP-UAQBN80" failures="1" tests="1" name="Test05" time="9.775" errors="0" timestamp="2023-09-08T21:11:23 IST">
  <testcase classname="com.Files.FileScreenshot" name="verfiy" time="3.972">
    <failure type="java.lang.AssertionError" message="login not successfully expected [GitHub] but found [Sign in to GitHub · GitHub]">
      <![CDATA[java.lang.AssertionError: login not successfully expected [GitHub] but found [Sign in to GitHub · GitHub]
at com.Files.FileScreenshot.verfiy(FileScreenshot.java:70)
at java.base/java.util.ArrayList.forEach(ArrayList.java:1511)
... Removed 32 stack frames]]>
    </failure>
  </testcase> <!-- verfiy -->
</testsuite> <!-- Test05 -->
