<?xml version="1.0" encoding="UTF-8"?>
<!-- Generated by org.testng.reporters.JUnitXMLReporter -->
<testsuite ignored="1" hostname="DESKTOP-UAQBN80" failures="0" tests="3" name="Test02" time="43.539" errors="0" timestamp="2023-09-09T13:48:57 IST">
  <testcase classname="com.Files.FileUploading" name="FileUploadbyRobotclass" time="8.812"/>
  <testcase classname="com.Files.FileUploading" name="FileUploadbyRobotclass" time="8.855"/>
  <testcase classname="com.Files.FileUploading" name="FileUploadbyRobotclass" time="8.542"/>
  <testcase classname="com.Files.FileUploading" name="FileUploadbysendkeys" time="0.0">
    <ignored/>
  </testcase> <!-- FileUploadbysendkeys -->
</testsuite> <!-- Test02 -->
