<?xml version="1.0" encoding="UTF-8"?>
<!-- Generated by org.testng.reporters.JUnitXMLReporter -->
<testsuite ignored="1" hostname="DESKTOP-UAQBN80" failures="0" tests="3" name="Test02" time="48.657" errors="0" timestamp="2023-09-12T20:31:59 IST">
  <testcase classname="com.Files.FileUploading" name="FileUploadbyRobotclass" time="8.719"/>
  <testcase classname="com.Files.FileUploading" name="FileUploadbyRobotclass" time="8.546"/>
  <testcase classname="com.Files.FileUploading" name="FileUploadbyRobotclass" time="8.389"/>
  <testcase classname="com.Files.FileUploading" name="FileUploadbysendkeys" time="0.0">
    <ignored/>
  </testcase> <!-- FileUploadbysendkeys -->
</testsuite> <!-- Test02 -->
