<?xml version="1.0" encoding="UTF-8"?>
<!-- Generated by org.testng.reporters.JUnitXMLReporter -->
<testsuite ignored="1" hostname="DESKTOP-UAQBN80" failures="0" tests="1" name="Test01" time="15.041" errors="0" timestamp="2023-09-08T23:52:42 IST">
  <testcase classname="com.Files.FileUploading" name="FileUploadbysendkeys" time="2.374"/>
  <testcase classname="com.Files.FileUploading" name="FileUploadbyRobotclass" time="0.0">
    <ignored/>
  </testcase> <!-- FileUploadbyRobotclass -->
</testsuite> <!-- Test01 -->
