<?xml version="1.0" encoding="UTF-8"?>
<testng-results ignored="3" total="4" passed="1" failed="0" skipped="0">
  <reporter-output>
  </reporter-output>
  <suite started-at="2023-09-13T23:09:23 IST" name="Default suite" finished-at="2023-09-13T23:09:36 IST" duration-ms="13164">
    <groups>
    </groups>
    <test started-at="2023-09-13T23:09:23 IST" name="Default test" finished-at="2023-09-13T23:09:36 IST" duration-ms="13164">
      <class name="com.Files.ScreenshotwebElement">
        <test-method signature="sectionOfthePage()[pri:0, instance:com.Files.ScreenshotwebElement@44c03695]" started-at="2023-09-13T23:09:23 IST" name="sectionOfthePage" finished-at="2023-09-13T23:09:36 IST" duration-ms="13066" status="PASS">
          <reporter-output>
          </reporter-output>
        </test-method> <!-- sectionOfthePage -->
      </class> <!-- com.Files.ScreenshotwebElement -->
    </test> <!-- Default test -->
  </suite> <!-- Default suite -->
</testng-results>
